<?xml version="1.0" encoding="UTF-8"?>
<testsuite name="CinemaTests" tests="1" skipped="0" failures="0" errors="0" timestamp="2022-06-07T17:25:54" hostname="dan-ThinkPad-T480s" time="3.138">
  <properties/>
  <testcase name="start" classname="CinemaTests" time="3.138"/>
  <system-out><![CDATA[?[1;31m
Start test 1?[0m

  .   ____          _            __ _ _
 /\\ / ___'_ __ _ _(_)_ __  __ _ \ \ \ \
( ( )\___ | '_ | '_| | '_ \/ _` | \ \ \ \
 \\/  ___)| |_)| | | | | || (_| |  ) ) ) )
  '  |____| .__|_| |_|_| |_\__, | / / / /
 =========|_|==============|___/=/_/_/_/
 :: Spring Boot ::                (v2.5.6)

2022-06-07 18:25:54.743  INFO 192789 --- [    Test worker] cinema.Main                              : Starting Main using Java 17.0.3 on dan-ThinkPad-T480s with PID 192789 (started by dan in /home/dan/Projects/Cinema Room REST Service/Cinema Room REST Service/task)
2022-06-07 18:25:54.746  INFO 192789 --- [    Test worker] cinema.Main                              : No active profile set, falling back to default profiles: default
2022-06-07 18:25:55.866  INFO 192789 --- [    Test worker] o.s.b.w.embedded.tomcat.TomcatWebServer  : Tomcat initialized with port(s): 28852 (http)
2022-06-07 18:25:55.876  INFO 192789 --- [    Test worker] o.apache.catalina.core.StandardService   : Starting service [Tomcat]
2022-06-07 18:25:55.876  INFO 192789 --- [    Test worker] org.apache.catalina.core.StandardEngine  : Starting Servlet engine: [Apache Tomcat/9.0.54]
2022-06-07 18:25:55.940  INFO 192789 --- [    Test worker] o.a.c.c.C.[Tomcat].[localhost].[/]       : Initializing Spring embedded WebApplicationContext
2022-06-07 18:25:55.941  INFO 192789 --- [    Test worker] w.s.c.ServletWebServerApplicationContext : Root WebApplicationContext: initialization completed in 1150 ms
2022-06-07 18:25:56.569  INFO 192789 --- [    Test worker] o.s.b.a.e.web.EndpointLinksResolver      : Exposing 14 endpoint(s) beneath base path '/actuator'
2022-06-07 18:25:56.620  INFO 192789 --- [    Test worker] o.s.b.w.embedded.tomcat.TomcatWebServer  : Tomcat started on port(s): 28852 (http) with context path ''
2022-06-07 18:25:56.637  INFO 192789 --- [    Test worker] cinema.Main                              : Started Main in 2.2 seconds (JVM running for 2.796)
2022-06-07 18:25:57.166  INFO 192789 --- [io-28852-exec-1] o.a.c.c.C.[Tomcat].[localhost].[/]       : Initializing Spring DispatcherServlet 'dispatcherServlet'
2022-06-07 18:25:57.166  INFO 192789 --- [io-28852-exec-1] o.s.web.servlet.DispatcherServlet        : Initializing Servlet 'dispatcherServlet'
2022-06-07 18:25:57.168  INFO 192789 --- [io-28852-exec-1] o.s.web.servlet.DispatcherServlet        : Completed initialization in 2 ms
?[1;31m
Start test 2?[0m
?[1;31m
Start test 3?[0m
?[1;31m
Start test 4?[0m
?[1;31m
Start test 5?[0m
?[1;31m
Start test 6?[0m
]]></system-out>
  <system-err><![CDATA[]]></system-err>
</testsuite>
